<?xml version="1.0" encoding="UTF-8"?>
<testsuite xmlns:xsi="http://www.w3.org/2001/XMLSchema-instance" xsi:noNamespaceSchemaLocation="https://maven.apache.org/surefire/maven-surefire-plugin/xsd/surefire-test-report.xsd" name="com.application.project.myapiTest.FlysaveUserTest" time="0.829" tests="1" errors="0" skipped="0" failures="0">
  <properties>
    <property name="java.specification.version" value="17"/>
    <property name="sun.cpu.isalist" value="amd64"/>
    <property name="sun.jnu.encoding" value="Cp1252"/>
    <property name="java.class.path" value="C:\Users\lezter.hernandez\spring-boot2\FlySpring-1\autoRoute\target\test-classes;C:\Users\lezter.hernandez\spring-boot2\FlySpring-1\autoRoute\target\classes;C:\Users\lezter.hernandez\.m2\repository\org\xerial\sqlite-jdbc\3.39.3.0\sqlite-jdbc-3.39.3.0.jar;C:\Users\lezter.hernandez\.m2\repository\org\springframework\boot\spring-boot-starter-security\3.0.0-SNAPSHOT\spring-boot-starter-security-3.0.0-SNAPSHOT.jar;C:\Users\lezter.hernandez\.m2\repository\org\springframework\boot\spring-boot-starter\3.0.0-SNAPSHOT\spring-boot-starter-3.0.0-SNAPSHOT.jar;C:\Users\lezter.hernandez\.m2\repository\org\springframework\boot\spring-boot-starter-logging\3.0.0-SNAPSHOT\spring-boot-starter-logging-3.0.0-SNAPSHOT.jar;C:\Users\lezter.hernandez\.m2\repository\ch\qos\logback\logback-classic\1.4.4\logback-classic-1.4.4.jar;C:\Users\lezter.hernandez\.m2\repository\ch\qos\logback\logback-core\1.4.4\logback-core-1.4.4.jar;C:\Users\lezter.hernandez\.m2\repository\org\apache\logging\log4j\log4j-to-slf4j\2.19.0\log4j-to-slf4j-2.19.0.jar;C:\Users\lezter.hernandez\.m2\repository\org\apache\logging\log4j\log4j-api\2.19.0\log4j-api-2.19.0.jar;C:\Users\lezter.hernandez\.m2\repository\org\slf4j\jul-to-slf4j\2.0.3\jul-to-slf4j-2.0.3.jar;C:\Users\lezter.hernandez\.m2\repository\jakarta\annotation\jakarta.annotation-api\2.1.1\jakarta.annotation-api-2.1.1.jar;C:\Users\lezter.hernandez\.m2\repository\org\yaml\snakeyaml\1.33\snakeyaml-1.33.jar;C:\Users\lezter.hernandez\.m2\repository\org\springframework\spring-aop\6.0.0-SNAPSHOT\spring-aop-6.0.0-SNAPSHOT.jar;C:\Users\lezter.hernandez\.m2\repository\org\springframework\spring-beans\6.0.0-SNAPSHOT\spring-beans-6.0.0-SNAPSHOT.jar;C:\Users\lezter.hernandez\.m2\repository\org\springframework\security\spring-security-config\6.0.0-RC1\spring-security-config-6.0.0-RC1.jar;C:\Users\lezter.hernandez\.m2\repository\org\springframework\spring-context\6.0.0-SNAPSHOT\spring-context-6.0.0-SNAPSHOT.jar;C:\Users\lezter.hernandez\.m2\repository\org\springframework\security\spring-security-web\6.0.0-RC1\spring-security-web-6.0.0-RC1.jar;C:\Users\lezter.hernandez\.m2\repository\org\springframework\spring-expression\6.0.0-SNAPSHOT\spring-expression-6.0.0-SNAPSHOT.jar;C:\Users\lezter.hernandez\.m2\repository\org\springframework\boot\spring-boot-starter-webflux\3.0.0-SNAPSHOT\spring-boot-starter-webflux-3.0.0-SNAPSHOT.jar;C:\Users\lezter.hernandez\.m2\repository\org\springframework\boot\spring-boot-starter-json\3.0.0-SNAPSHOT\spring-boot-starter-json-3.0.0-SNAPSHOT.jar;C:\Users\lezter.hernandez\.m2\repository\com\fasterxml\jackson\core\jackson-databind\2.14.0-rc3\jackson-databind-2.14.0-rc3.jar;C:\Users\lezter.hernandez\.m2\repository\com\fasterxml\jackson\core\jackson-annotations\2.14.0-rc3\jackson-annotations-2.14.0-rc3.jar;C:\Users\lezter.hernandez\.m2\repository\com\fasterxml\jackson\core\jackson-core\2.14.0-rc3\jackson-core-2.14.0-rc3.jar;C:\Users\lezter.hernandez\.m2\repository\com\fasterxml\jackson\datatype\jackson-datatype-jdk8\2.14.0-rc3\jackson-datatype-jdk8-2.14.0-rc3.jar;C:\Users\lezter.hernandez\.m2\repository\com\fasterxml\jackson\datatype\jackson-datatype-jsr310\2.14.0-rc3\jackson-datatype-jsr310-2.14.0-rc3.jar;C:\Users\lezter.hernandez\.m2\repository\com\fasterxml\jackson\module\jackson-module-parameter-names\2.14.0-rc3\jackson-module-parameter-names-2.14.0-rc3.jar;C:\Users\lezter.hernandez\.m2\repository\org\springframework\boot\spring-boot-starter-reactor-netty\3.0.0-SNAPSHOT\spring-boot-starter-reactor-netty-3.0.0-SNAPSHOT.jar;C:\Users\lezter.hernandez\.m2\repository\io\projectreactor\netty\reactor-netty-http\1.1.0\reactor-netty-http-1.1.0.jar;C:\Users\lezter.hernandez\.m2\repository\io\netty\netty-codec-http\4.1.84.Final\netty-codec-http-4.1.84.Final.jar;C:\Users\lezter.hernandez\.m2\repository\io\netty\netty-common\4.1.84.Final\netty-common-4.1.84.Final.jar;C:\Users\lezter.hernandez\.m2\repository\io\netty\netty-buffer\4.1.84.Final\netty-buffer-4.1.84.Final.jar;C:\Users\lezter.hernandez\.m2\repository\io\netty\netty-transport\4.1.84.Final\netty-transport-4.1.84.Final.jar;C:\Users\lezter.hernandez\.m2\repository\io\netty\netty-codec\4.1.84.Final\netty-codec-4.1.84.Final.jar;C:\Users\lezter.hernandez\.m2\repository\io\netty\netty-handler\4.1.84.Final\netty-handler-4.1.84.Final.jar;C:\Users\lezter.hernandez\.m2\repository\io\netty\netty-codec-http2\4.1.84.Final\netty-codec-http2-4.1.84.Final.jar;C:\Users\lezter.hernandez\.m2\repository\io\netty\netty-resolver-dns\4.1.84.Final\netty-resolver-dns-4.1.84.Final.jar;C:\Users\lezter.hernandez\.m2\repository\io\netty\netty-resolver\4.1.84.Final\netty-resolver-4.1.84.Final.jar;C:\Users\lezter.hernandez\.m2\repository\io\netty\netty-codec-dns\4.1.84.Final\netty-codec-dns-4.1.84.Final.jar;C:\Users\lezter.hernandez\.m2\repository\io\netty\netty-resolver-dns-native-macos\4.1.84.Final\netty-resolver-dns-native-macos-4.1.84.Final-osx-x86_64.jar;C:\Users\lezter.hernandez\.m2\repository\io\netty\netty-resolver-dns-classes-macos\4.1.84.Final\netty-resolver-dns-classes-macos-4.1.84.Final.jar;C:\Users\lezter.hernandez\.m2\repository\io\netty\netty-transport-native-epoll\4.1.84.Final\netty-transport-native-epoll-4.1.84.Final-linux-x86_64.jar;C:\Users\lezter.hernandez\.m2\repository\io\netty\netty-transport-native-unix-common\4.1.84.Final\netty-transport-native-unix-common-4.1.84.Final.jar;C:\Users\lezter.hernandez\.m2\repository\io\netty\netty-transport-classes-epoll\4.1.84.Final\netty-transport-classes-epoll-4.1.84.Final.jar;C:\Users\lezter.hernandez\.m2\repository\io\projectreactor\netty\reactor-netty-core\1.1.0\reactor-netty-core-1.1.0.jar;C:\Users\lezter.hernandez\.m2\repository\io\netty\netty-handler-proxy\4.1.84.Final\netty-handler-proxy-4.1.84.Final.jar;C:\Users\lezter.hernandez\.m2\repository\io\netty\netty-codec-socks\4.1.84.Final\netty-codec-socks-4.1.84.Final.jar;C:\Users\lezter.hernandez\.m2\repository\org\springframework\spring-web\6.0.0-SNAPSHOT\spring-web-6.0.0-SNAPSHOT.jar;C:\Users\lezter.hernandez\.m2\repository\io\micrometer\micrometer-observation\1.10.0\micrometer-observation-1.10.0.jar;C:\Users\lezter.hernandez\.m2\repository\io\micrometer\micrometer-commons\1.10.0\micrometer-commons-1.10.0.jar;C:\Users\lezter.hernandez\.m2\repository\org\springframework\spring-webflux\6.0.0-SNAPSHOT\spring-webflux-6.0.0-SNAPSHOT.jar;C:\Users\lezter.hernandez\.m2\repository\org\springframework\boot\spring-boot-devtools\3.0.0-SNAPSHOT\spring-boot-devtools-3.0.0-SNAPSHOT.jar;C:\Users\lezter.hernandez\.m2\repository\org\springframework\boot\spring-boot\3.0.0-SNAPSHOT\spring-boot-3.0.0-SNAPSHOT.jar;C:\Users\lezter.hernandez\.m2\repository\org\springframework\boot\spring-boot-autoconfigure\3.0.0-SNAPSHOT\spring-boot-autoconfigure-3.0.0-SNAPSHOT.jar;C:\Users\lezter.hernandez\.m2\repository\org\projectlombok\lombok\1.18.24\lombok-1.18.24.jar;C:\Users\lezter.hernandez\.m2\repository\org\springframework\boot\spring-boot-starter-test\3.0.0-SNAPSHOT\spring-boot-starter-test-3.0.0-SNAPSHOT.jar;C:\Users\lezter.hernandez\.m2\repository\org\springframework\boot\spring-boot-test\3.0.0-SNAPSHOT\spring-boot-test-3.0.0-SNAPSHOT.jar;C:\Users\lezter.hernandez\.m2\repository\org\springframework\boot\spring-boot-test-autoconfigure\3.0.0-SNAPSHOT\spring-boot-test-autoconfigure-3.0.0-SNAPSHOT.jar;C:\Users\lezter.hernandez\.m2\repository\com\jayway\jsonpath\json-path\2.7.0\json-path-2.7.0.jar;C:\Users\lezter.hernandez\.m2\repository\net\minidev\json-smart\2.4.8\json-smart-2.4.8.jar;C:\Users\lezter.hernandez\.m2\repository\net\minidev\accessors-smart\2.4.8\accessors-smart-2.4.8.jar;C:\Users\lezter.hernandez\.m2\repository\org\ow2\asm\asm\9.1\asm-9.1.jar;C:\Users\lezter.hernandez\.m2\repository\org\slf4j\slf4j-api\2.0.3\slf4j-api-2.0.3.jar;C:\Users\lezter.hernandez\.m2\repository\jakarta\xml\bind\jakarta.xml.bind-api\4.0.0\jakarta.xml.bind-api-4.0.0.jar;C:\Users\lezter.hernandez\.m2\repository\jakarta\activation\jakarta.activation-api\2.1.0\jakarta.activation-api-2.1.0.jar;C:\Users\lezter.hernandez\.m2\repository\org\assertj\assertj-core\3.23.1\assertj-core-3.23.1.jar;C:\Users\lezter.hernandez\.m2\repository\net\bytebuddy\byte-buddy\1.12.18\byte-buddy-1.12.18.jar;C:\Users\lezter.hernandez\.m2\repository\org\hamcrest\hamcrest\2.2\hamcrest-2.2.jar;C:\Users\lezter.hernandez\.m2\repository\org\junit\jupiter\junit-jupiter\5.9.1\junit-jupiter-5.9.1.jar;C:\Users\lezter.hernandez\.m2\repository\org\junit\jupiter\junit-jupiter-api\5.9.1\junit-jupiter-api-5.9.1.jar;C:\Users\lezter.hernandez\.m2\repository\org\opentest4j\opentest4j\1.2.0\opentest4j-1.2.0.jar;C:\Users\lezter.hernandez\.m2\repository\org\junit\platform\junit-platform-commons\1.9.1\junit-platform-commons-1.9.1.jar;C:\Users\lezter.hernandez\.m2\repository\org\apiguardian\apiguardian-api\1.1.2\apiguardian-api-1.1.2.jar;C:\Users\lezter.hernandez\.m2\repository\org\junit\jupiter\junit-jupiter-params\5.9.1\junit-jupiter-params-5.9.1.jar;C:\Users\lezter.hernandez\.m2\repository\org\junit\jupiter\junit-jupiter-engine\5.9.1\junit-jupiter-engine-5.9.1.jar;C:\Users\lezter.hernandez\.m2\repository\org\junit\platform\junit-platform-engine\1.9.1\junit-platform-engine-1.9.1.jar;C:\Users\lezter.hernandez\.m2\repository\org\mockito\mockito-core\4.8.1\mockito-core-4.8.1.jar;C:\Users\lezter.hernandez\.m2\repository\net\bytebuddy\byte-buddy-agent\1.12.18\byte-buddy-agent-1.12.18.jar;C:\Users\lezter.hernandez\.m2\repository\org\objenesis\objenesis\3.2\objenesis-3.2.jar;C:\Users\lezter.hernandez\.m2\repository\org\mockito\mockito-junit-jupiter\4.8.1\mockito-junit-jupiter-4.8.1.jar;C:\Users\lezter.hernandez\.m2\repository\org\skyscreamer\jsonassert\1.5.1\jsonassert-1.5.1.jar;C:\Users\lezter.hernandez\.m2\repository\com\vaadin\external\google\android-json\0.0.20131108.vaadin1\android-json-0.0.20131108.vaadin1.jar;C:\Users\lezter.hernandez\.m2\repository\org\springframework\spring-core\6.0.0-SNAPSHOT\spring-core-6.0.0-SNAPSHOT.jar;C:\Users\lezter.hernandez\.m2\repository\org\springframework\spring-jcl\6.0.0-SNAPSHOT\spring-jcl-6.0.0-SNAPSHOT.jar;C:\Users\lezter.hernandez\.m2\repository\org\springframework\spring-test\6.0.0-SNAPSHOT\spring-test-6.0.0-SNAPSHOT.jar;C:\Users\lezter.hernandez\.m2\repository\org\xmlunit\xmlunit-core\2.9.0\xmlunit-core-2.9.0.jar;C:\Users\lezter.hernandez\.m2\repository\io\projectreactor\reactor-test\3.5.0\reactor-test-3.5.0.jar;C:\Users\lezter.hernandez\.m2\repository\io\projectreactor\reactor-core\3.5.0\reactor-core-3.5.0.jar;C:\Users\lezter.hernandez\.m2\repository\org\reactivestreams\reactive-streams\1.0.4\reactive-streams-1.0.4.jar;C:\Users\lezter.hernandez\.m2\repository\org\springframework\security\spring-security-test\6.0.0-RC1\spring-security-test-6.0.0-RC1.jar;C:\Users\lezter.hernandez\.m2\repository\org\springframework\security\spring-security-core\6.0.0-RC1\spring-security-core-6.0.0-RC1.jar;C:\Users\lezter.hernandez\.m2\repository\org\springframework\security\spring-security-crypto\6.0.0-RC1\spring-security-crypto-6.0.0-RC1.jar;C:\Users\lezter.hernandez\.m2\repository\commons-io\commons-io\2.11.0\commons-io-2.11.0.jar;C:\Users\lezter.hernandez\.m2\repository\org\apache\maven\maven-archiver\3.6.0\maven-archiver-3.6.0.jar;C:\Users\lezter.hernandez\.m2\repository\org\codehaus\plexus\plexus-io\3.4.0\plexus-io-3.4.0.jar;C:\Users\lezter.hernandez\.m2\repository\javax\inject\javax.inject\1\javax.inject-1.jar;C:\Users\lezter.hernandez\.m2\repository\org\codehaus\plexus\plexus-archiver\4.4.0\plexus-archiver-4.4.0.jar;C:\Users\lezter.hernandez\.m2\repository\org\apache\commons\commons-compress\1.21\commons-compress-1.21.jar;C:\Users\lezter.hernandez\.m2\repository\org\iq80\snappy\snappy\0.4\snappy-0.4.jar;C:\Users\lezter.hernandez\.m2\repository\org\tukaani\xz\1.9\xz-1.9.jar;C:\Users\lezter.hernandez\.m2\repository\org\codehaus\plexus\plexus-utils\3.4.2\plexus-utils-3.4.2.jar;C:\Users\lezter.hernandez\.m2\repository\org\codehaus\plexus\plexus-interpolation\1.26\plexus-interpolation-1.26.jar;C:\Users\lezter.hernandez\.m2\repository\com\h2database\h2\2.1.214\h2-2.1.214.jar;"/>
    <property name="java.vm.vendor" value="Eclipse Adoptium"/>
    <property name="sun.arch.data.model" value="64"/>
    <property name="user.variant" value=""/>
    <property name="java.vendor.url" value="https://adoptium.net/"/>
    <property name="user.timezone" value="Asia/Shanghai"/>
    <property name="os.name" value="Windows 11"/>
    <property name="java.vm.specification.version" value="17"/>
    <property name="sun.java.launcher" value="SUN_STANDARD"/>
    <property name="user.country" value="US"/>
    <property name="sun.boot.library.path" value="C:\Program Files\Eclipse Adoptium\jdk-17.0.5.8-hotspot\bin"/>
    <property name="sun.java.command" value="C:\Users\LEZTER~1.HER\AppData\Local\Temp\surefire12203717659093971319\surefirebooter4150092795812549841.jar C:\Users\lezter.hernandez\AppData\Local\Temp\surefire12203717659093971319 2022-11-09T15-44-13_239-jvmRun1 surefire12824072457705316675tmp surefire_010754856401705379335tmp"/>
    <property name="jdk.debug" value="release"/>
    <property name="surefire.test.class.path" value="C:\Users\lezter.hernandez\spring-boot2\FlySpring-1\autoRoute\target\test-classes;C:\Users\lezter.hernandez\spring-boot2\FlySpring-1\autoRoute\target\classes;C:\Users\lezter.hernandez\.m2\repository\org\xerial\sqlite-jdbc\3.39.3.0\sqlite-jdbc-3.39.3.0.jar;C:\Users\lezter.hernandez\.m2\repository\org\springframework\boot\spring-boot-starter-security\3.0.0-SNAPSHOT\spring-boot-starter-security-3.0.0-SNAPSHOT.jar;C:\Users\lezter.hernandez\.m2\repository\org\springframework\boot\spring-boot-starter\3.0.0-SNAPSHOT\spring-boot-starter-3.0.0-SNAPSHOT.jar;C:\Users\lezter.hernandez\.m2\repository\org\springframework\boot\spring-boot-starter-logging\3.0.0-SNAPSHOT\spring-boot-starter-logging-3.0.0-SNAPSHOT.jar;C:\Users\lezter.hernandez\.m2\repository\ch\qos\logback\logback-classic\1.4.4\logback-classic-1.4.4.jar;C:\Users\lezter.hernandez\.m2\repository\ch\qos\logback\logback-core\1.4.4\logback-core-1.4.4.jar;C:\Users\lezter.hernandez\.m2\repository\org\apache\logging\log4j\log4j-to-slf4j\2.19.0\log4j-to-slf4j-2.19.0.jar;C:\Users\lezter.hernandez\.m2\repository\org\apache\logging\log4j\log4j-api\2.19.0\log4j-api-2.19.0.jar;C:\Users\lezter.hernandez\.m2\repository\org\slf4j\jul-to-slf4j\2.0.3\jul-to-slf4j-2.0.3.jar;C:\Users\lezter.hernandez\.m2\repository\jakarta\annotation\jakarta.annotation-api\2.1.1\jakarta.annotation-api-2.1.1.jar;C:\Users\lezter.hernandez\.m2\repository\org\yaml\snakeyaml\1.33\snakeyaml-1.33.jar;C:\Users\lezter.hernandez\.m2\repository\org\springframework\spring-aop\6.0.0-SNAPSHOT\spring-aop-6.0.0-SNAPSHOT.jar;C:\Users\lezter.hernandez\.m2\repository\org\springframework\spring-beans\6.0.0-SNAPSHOT\spring-beans-6.0.0-SNAPSHOT.jar;C:\Users\lezter.hernandez\.m2\repository\org\springframework\security\spring-security-config\6.0.0-RC1\spring-security-config-6.0.0-RC1.jar;C:\Users\lezter.hernandez\.m2\repository\org\springframework\spring-context\6.0.0-SNAPSHOT\spring-context-6.0.0-SNAPSHOT.jar;C:\Users\lezter.hernandez\.m2\repository\org\springframework\security\spring-security-web\6.0.0-RC1\spring-security-web-6.0.0-RC1.jar;C:\Users\lezter.hernandez\.m2\repository\org\springframework\spring-expression\6.0.0-SNAPSHOT\spring-expression-6.0.0-SNAPSHOT.jar;C:\Users\lezter.hernandez\.m2\repository\org\springframework\boot\spring-boot-starter-webflux\3.0.0-SNAPSHOT\spring-boot-starter-webflux-3.0.0-SNAPSHOT.jar;C:\Users\lezter.hernandez\.m2\repository\org\springframework\boot\spring-boot-starter-json\3.0.0-SNAPSHOT\spring-boot-starter-json-3.0.0-SNAPSHOT.jar;C:\Users\lezter.hernandez\.m2\repository\com\fasterxml\jackson\core\jackson-databind\2.14.0-rc3\jackson-databind-2.14.0-rc3.jar;C:\Users\lezter.hernandez\.m2\repository\com\fasterxml\jackson\core\jackson-annotations\2.14.0-rc3\jackson-annotations-2.14.0-rc3.jar;C:\Users\lezter.hernandez\.m2\repository\com\fasterxml\jackson\core\jackson-core\2.14.0-rc3\jackson-core-2.14.0-rc3.jar;C:\Users\lezter.hernandez\.m2\repository\com\fasterxml\jackson\datatype\jackson-datatype-jdk8\2.14.0-rc3\jackson-datatype-jdk8-2.14.0-rc3.jar;C:\Users\lezter.hernandez\.m2\repository\com\fasterxml\jackson\datatype\jackson-datatype-jsr310\2.14.0-rc3\jackson-datatype-jsr310-2.14.0-rc3.jar;C:\Users\lezter.hernandez\.m2\repository\com\fasterxml\jackson\module\jackson-module-parameter-names\2.14.0-rc3\jackson-module-parameter-names-2.14.0-rc3.jar;C:\Users\lezter.hernandez\.m2\repository\org\springframework\boot\spring-boot-starter-reactor-netty\3.0.0-SNAPSHOT\spring-boot-starter-reactor-netty-3.0.0-SNAPSHOT.jar;C:\Users\lezter.hernandez\.m2\repository\io\projectreactor\netty\reactor-netty-http\1.1.0\reactor-netty-http-1.1.0.jar;C:\Users\lezter.hernandez\.m2\repository\io\netty\netty-codec-http\4.1.84.Final\netty-codec-http-4.1.84.Final.jar;C:\Users\lezter.hernandez\.m2\repository\io\netty\netty-common\4.1.84.Final\netty-common-4.1.84.Final.jar;C:\Users\lezter.hernandez\.m2\repository\io\netty\netty-buffer\4.1.84.Final\netty-buffer-4.1.84.Final.jar;C:\Users\lezter.hernandez\.m2\repository\io\netty\netty-transport\4.1.84.Final\netty-transport-4.1.84.Final.jar;C:\Users\lezter.hernandez\.m2\repository\io\netty\netty-codec\4.1.84.Final\netty-codec-4.1.84.Final.jar;C:\Users\lezter.hernandez\.m2\repository\io\netty\netty-handler\4.1.84.Final\netty-handler-4.1.84.Final.jar;C:\Users\lezter.hernandez\.m2\repository\io\netty\netty-codec-http2\4.1.84.Final\netty-codec-http2-4.1.84.Final.jar;C:\Users\lezter.hernandez\.m2\repository\io\netty\netty-resolver-dns\4.1.84.Final\netty-resolver-dns-4.1.84.Final.jar;C:\Users\lezter.hernandez\.m2\repository\io\netty\netty-resolver\4.1.84.Final\netty-resolver-4.1.84.Final.jar;C:\Users\lezter.hernandez\.m2\repository\io\netty\netty-codec-dns\4.1.84.Final\netty-codec-dns-4.1.84.Final.jar;C:\Users\lezter.hernandez\.m2\repository\io\netty\netty-resolver-dns-native-macos\4.1.84.Final\netty-resolver-dns-native-macos-4.1.84.Final-osx-x86_64.jar;C:\Users\lezter.hernandez\.m2\repository\io\netty\netty-resolver-dns-classes-macos\4.1.84.Final\netty-resolver-dns-classes-macos-4.1.84.Final.jar;C:\Users\lezter.hernandez\.m2\repository\io\netty\netty-transport-native-epoll\4.1.84.Final\netty-transport-native-epoll-4.1.84.Final-linux-x86_64.jar;C:\Users\lezter.hernandez\.m2\repository\io\netty\netty-transport-native-unix-common\4.1.84.Final\netty-transport-native-unix-common-4.1.84.Final.jar;C:\Users\lezter.hernandez\.m2\repository\io\netty\netty-transport-classes-epoll\4.1.84.Final\netty-transport-classes-epoll-4.1.84.Final.jar;C:\Users\lezter.hernandez\.m2\repository\io\projectreactor\netty\reactor-netty-core\1.1.0\reactor-netty-core-1.1.0.jar;C:\Users\lezter.hernandez\.m2\repository\io\netty\netty-handler-proxy\4.1.84.Final\netty-handler-proxy-4.1.84.Final.jar;C:\Users\lezter.hernandez\.m2\repository\io\netty\netty-codec-socks\4.1.84.Final\netty-codec-socks-4.1.84.Final.jar;C:\Users\lezter.hernandez\.m2\repository\org\springframework\spring-web\6.0.0-SNAPSHOT\spring-web-6.0.0-SNAPSHOT.jar;C:\Users\lezter.hernandez\.m2\repository\io\micrometer\micrometer-observation\1.10.0\micrometer-observation-1.10.0.jar;C:\Users\lezter.hernandez\.m2\repository\io\micrometer\micrometer-commons\1.10.0\micrometer-commons-1.10.0.jar;C:\Users\lezter.hernandez\.m2\repository\org\springframework\spring-webflux\6.0.0-SNAPSHOT\spring-webflux-6.0.0-SNAPSHOT.jar;C:\Users\lezter.hernandez\.m2\repository\org\springframework\boot\spring-boot-devtools\3.0.0-SNAPSHOT\spring-boot-devtools-3.0.0-SNAPSHOT.jar;C:\Users\lezter.hernandez\.m2\repository\org\springframework\boot\spring-boot\3.0.0-SNAPSHOT\spring-boot-3.0.0-SNAPSHOT.jar;C:\Users\lezter.hernandez\.m2\repository\org\springframework\boot\spring-boot-autoconfigure\3.0.0-SNAPSHOT\spring-boot-autoconfigure-3.0.0-SNAPSHOT.jar;C:\Users\lezter.hernandez\.m2\repository\org\projectlombok\lombok\1.18.24\lombok-1.18.24.jar;C:\Users\lezter.hernandez\.m2\repository\org\springframework\boot\spring-boot-starter-test\3.0.0-SNAPSHOT\spring-boot-starter-test-3.0.0-SNAPSHOT.jar;C:\Users\lezter.hernandez\.m2\repository\org\springframework\boot\spring-boot-test\3.0.0-SNAPSHOT\spring-boot-test-3.0.0-SNAPSHOT.jar;C:\Users\lezter.hernandez\.m2\repository\org\springframework\boot\spring-boot-test-autoconfigure\3.0.0-SNAPSHOT\spring-boot-test-autoconfigure-3.0.0-SNAPSHOT.jar;C:\Users\lezter.hernandez\.m2\repository\com\jayway\jsonpath\json-path\2.7.0\json-path-2.7.0.jar;C:\Users\lezter.hernandez\.m2\repository\net\minidev\json-smart\2.4.8\json-smart-2.4.8.jar;C:\Users\lezter.hernandez\.m2\repository\net\minidev\accessors-smart\2.4.8\accessors-smart-2.4.8.jar;C:\Users\lezter.hernandez\.m2\repository\org\ow2\asm\asm\9.1\asm-9.1.jar;C:\Users\lezter.hernandez\.m2\repository\org\slf4j\slf4j-api\2.0.3\slf4j-api-2.0.3.jar;C:\Users\lezter.hernandez\.m2\repository\jakarta\xml\bind\jakarta.xml.bind-api\4.0.0\jakarta.xml.bind-api-4.0.0.jar;C:\Users\lezter.hernandez\.m2\repository\jakarta\activation\jakarta.activation-api\2.1.0\jakarta.activation-api-2.1.0.jar;C:\Users\lezter.hernandez\.m2\repository\org\assertj\assertj-core\3.23.1\assertj-core-3.23.1.jar;C:\Users\lezter.hernandez\.m2\repository\net\bytebuddy\byte-buddy\1.12.18\byte-buddy-1.12.18.jar;C:\Users\lezter.hernandez\.m2\repository\org\hamcrest\hamcrest\2.2\hamcrest-2.2.jar;C:\Users\lezter.hernandez\.m2\repository\org\junit\jupiter\junit-jupiter\5.9.1\junit-jupiter-5.9.1.jar;C:\Users\lezter.hernandez\.m2\repository\org\junit\jupiter\junit-jupiter-api\5.9.1\junit-jupiter-api-5.9.1.jar;C:\Users\lezter.hernandez\.m2\repository\org\opentest4j\opentest4j\1.2.0\opentest4j-1.2.0.jar;C:\Users\lezter.hernandez\.m2\repository\org\junit\platform\junit-platform-commons\1.9.1\junit-platform-commons-1.9.1.jar;C:\Users\lezter.hernandez\.m2\repository\org\apiguardian\apiguardian-api\1.1.2\apiguardian-api-1.1.2.jar;C:\Users\lezter.hernandez\.m2\repository\org\junit\jupiter\junit-jupiter-params\5.9.1\junit-jupiter-params-5.9.1.jar;C:\Users\lezter.hernandez\.m2\repository\org\junit\jupiter\junit-jupiter-engine\5.9.1\junit-jupiter-engine-5.9.1.jar;C:\Users\lezter.hernandez\.m2\repository\org\junit\platform\junit-platform-engine\1.9.1\junit-platform-engine-1.9.1.jar;C:\Users\lezter.hernandez\.m2\repository\org\mockito\mockito-core\4.8.1\mockito-core-4.8.1.jar;C:\Users\lezter.hernandez\.m2\repository\net\bytebuddy\byte-buddy-agent\1.12.18\byte-buddy-agent-1.12.18.jar;C:\Users\lezter.hernandez\.m2\repository\org\objenesis\objenesis\3.2\objenesis-3.2.jar;C:\Users\lezter.hernandez\.m2\repository\org\mockito\mockito-junit-jupiter\4.8.1\mockito-junit-jupiter-4.8.1.jar;C:\Users\lezter.hernandez\.m2\repository\org\skyscreamer\jsonassert\1.5.1\jsonassert-1.5.1.jar;C:\Users\lezter.hernandez\.m2\repository\com\vaadin\external\google\android-json\0.0.20131108.vaadin1\android-json-0.0.20131108.vaadin1.jar;C:\Users\lezter.hernandez\.m2\repository\org\springframework\spring-core\6.0.0-SNAPSHOT\spring-core-6.0.0-SNAPSHOT.jar;C:\Users\lezter.hernandez\.m2\repository\org\springframework\spring-jcl\6.0.0-SNAPSHOT\spring-jcl-6.0.0-SNAPSHOT.jar;C:\Users\lezter.hernandez\.m2\repository\org\springframework\spring-test\6.0.0-SNAPSHOT\spring-test-6.0.0-SNAPSHOT.jar;C:\Users\lezter.hernandez\.m2\repository\org\xmlunit\xmlunit-core\2.9.0\xmlunit-core-2.9.0.jar;C:\Users\lezter.hernandez\.m2\repository\io\projectreactor\reactor-test\3.5.0\reactor-test-3.5.0.jar;C:\Users\lezter.hernandez\.m2\repository\io\projectreactor\reactor-core\3.5.0\reactor-core-3.5.0.jar;C:\Users\lezter.hernandez\.m2\repository\org\reactivestreams\reactive-streams\1.0.4\reactive-streams-1.0.4.jar;C:\Users\lezter.hernandez\.m2\repository\org\springframework\security\spring-security-test\6.0.0-RC1\spring-security-test-6.0.0-RC1.jar;C:\Users\lezter.hernandez\.m2\repository\org\springframework\security\spring-security-core\6.0.0-RC1\spring-security-core-6.0.0-RC1.jar;C:\Users\lezter.hernandez\.m2\repository\org\springframework\security\spring-security-crypto\6.0.0-RC1\spring-security-crypto-6.0.0-RC1.jar;C:\Users\lezter.hernandez\.m2\repository\commons-io\commons-io\2.11.0\commons-io-2.11.0.jar;C:\Users\lezter.hernandez\.m2\repository\org\apache\maven\maven-archiver\3.6.0\maven-archiver-3.6.0.jar;C:\Users\lezter.hernandez\.m2\repository\org\codehaus\plexus\plexus-io\3.4.0\plexus-io-3.4.0.jar;C:\Users\lezter.hernandez\.m2\repository\javax\inject\javax.inject\1\javax.inject-1.jar;C:\Users\lezter.hernandez\.m2\repository\org\codehaus\plexus\plexus-archiver\4.4.0\plexus-archiver-4.4.0.jar;C:\Users\lezter.hernandez\.m2\repository\org\apache\commons\commons-compress\1.21\commons-compress-1.21.jar;C:\Users\lezter.hernandez\.m2\repository\org\iq80\snappy\snappy\0.4\snappy-0.4.jar;C:\Users\lezter.hernandez\.m2\repository\org\tukaani\xz\1.9\xz-1.9.jar;C:\Users\lezter.hernandez\.m2\repository\org\codehaus\plexus\plexus-utils\3.4.2\plexus-utils-3.4.2.jar;C:\Users\lezter.hernandez\.m2\repository\org\codehaus\plexus\plexus-interpolation\1.26\plexus-interpolation-1.26.jar;C:\Users\lezter.hernandez\.m2\repository\com\h2database\h2\2.1.214\h2-2.1.214.jar;"/>
    <property name="sun.cpu.endian" value="little"/>
    <property name="user.home" value="C:\Users\lezter.hernandez"/>
    <property name="user.language" value="en"/>
    <property name="java.specification.vendor" value="Oracle Corporation"/>
    <property name="java.version.date" value="2022-10-18"/>
    <property name="java.home" value="C:\Program Files\Eclipse Adoptium\jdk-17.0.5.8-hotspot"/>
    <property name="file.separator" value="\"/>
    <property name="basedir" value="C:\Users\lezter.hernandez\spring-boot2\FlySpring-1\autoRoute"/>
    <property name="java.vm.compressedOopsMode" value="Zero based"/>
    <property name="line.separator" value="&#10;"/>
    <property name="java.vm.specification.vendor" value="Oracle Corporation"/>
    <property name="java.specification.name" value="Java Platform API Specification"/>
    <property name="surefire.real.class.path" value="C:\Users\LEZTER~1.HER\AppData\Local\Temp\surefire12203717659093971319\surefirebooter4150092795812549841.jar"/>
    <property name="user.script" value=""/>
    <property name="sun.management.compiler" value="HotSpot 64-Bit Tiered Compilers"/>
    <property name="java.runtime.version" value="17.0.5+8"/>
    <property name="user.name" value="lezter.hernandez"/>
    <property name="path.separator" value=";"/>
    <property name="os.version" value="10.0"/>
    <property name="java.runtime.name" value="OpenJDK Runtime Environment"/>
    <property name="file.encoding" value="Cp1252"/>
    <property name="java.vm.name" value="OpenJDK 64-Bit Server VM"/>
    <property name="java.vendor.version" value="Temurin-17.0.5+8"/>
    <property name="localRepository" value="C:\Users\lezter.hernandez\.m2\repository"/>
    <property name="java.vendor.url.bug" value="https://github.com/adoptium/adoptium-support/issues"/>
    <property name="java.io.tmpdir" value="C:\Users\LEZTER~1.HER\AppData\Local\Temp\"/>
    <property name="java.version" value="17.0.5"/>
    <property name="user.dir" value="C:\Users\lezter.hernandez\spring-boot2\FlySpring-1\autoRoute"/>
    <property name="os.arch" value="amd64"/>
    <property name="java.vm.specification.name" value="Java Virtual Machine Specification"/>
    <property name="sun.os.patch.level" value=""/>
    <property name="native.encoding" value="Cp1252"/>
    <property name="java.library.path" value="C:\Program Files\Eclipse Adoptium\jdk-17.0.5.8-hotspot\bin;C:\WINDOWS\Sun\Java\bin;C:\WINDOWS\system32;C:\WINDOWS;C:\Program Files\Eclipse Adoptium\jdk-17.0.5.8-hotspot\bin;C:\Program Files\Common Files\Oracle\Java\javapath;C:\Program Files (x86)\Common Files\Oracle\Java\javapath;C:\WINDOWS\system32;C:\WINDOWS;C:\WINDOWS\System32\Wbem;C:\WINDOWS\System32\WindowsPowerShell\v1.0\;C:\WINDOWS\System32\OpenSSH\;C:\Program Files (x86)\Symantec\VIP Access Client\;C:\Program Files (x86)\Intel\Services\IPT\;C:\Program Files (x86)\Pulse Secure\VC142.CRT\X64\;C:\Program Files (x86)\Pulse Secure\VC142.CRT\X86\;C:\Program Files (x86)\Common Files\Pulse Secure\VC142.CRT\X64\;C:\Program Files (x86)\Common Files\Pulse Secure\VC142.CRT\X86\;C:\Program Files\Git\cmd;C:\Users\lezter.hernandez\AppData\Local\Microsoft\WindowsApps;C:\Users\lezter.hernandez\AppData\Local\GitHubDesktop\bin;C:\Users\lezter.hernandez\AppData\Local\Programs\Git\cmd;C:\Users\lezter.hernandez\AppData\Local\Programs\Microsoft VS Code\bin;C:\Users\lezter.hernandez\AppData\Local\Programs\mongosh\;C:\Program Files\MongoDB\Server\5.0\bin\;C:\xampp\php;C:\Users\lezter.hernandez\composer;C:\Users\lezter.hernandez\AppData\Roaming\Composer\vendor\bin;C:\Users\lezter.hernandez\apache-maven-3.8.6\bin;;."/>
    <property name="java.vm.info" value="mixed mode, sharing"/>
    <property name="java.vendor" value="Eclipse Adoptium"/>
    <property name="java.vm.version" value="17.0.5+8"/>
    <property name="sun.io.unicode.encoding" value="UnicodeLittle"/>
    <property name="java.class.version" value="61.0"/>
  </properties>
  <testcase name="FlySaveUserTest" classname="com.application.project.myapiTest.FlysaveUserTest" time="0.074"/>
</testsuite>